<?xml version="1.0" encoding="UTF-8"?>
<!-- Generated by org.testng.reporters.JUnitReportReporter -->
<testsuite skipped="0" hostname="DEL171800098361" name="circlepackage.App" tests="1" failures="0" timestamp="16 Jun 2018 13:49:27 GMT" time="42.244" errors="0">
  <testcase name="validateEmailTextTest" time="42.244" classname="circlepackage.App"/>
</testsuite> <!-- circlepackage.App -->
